

Started GET "/" for ::1 at 2015-05-20 14:55:09 -0400

PG::ConnectionBad (fe_sendauth: no password supplied
):
  activerecord (4.2.0) lib/active_record/connection_adapters/postgresql_adapter.rb:651:in `initialize'
  activerecord (4.2.0) lib/active_record/connection_adapters/postgresql_adapter.rb:651:in `new'
  activerecord (4.2.0) lib/active_record/connection_adapters/postgresql_adapter.rb:651:in `connect'
  activerecord (4.2.0) lib/active_record/connection_adapters/postgresql_adapter.rb:242:in `initialize'
  activerecord (4.2.0) lib/active_record/connection_adapters/postgresql_adapter.rb:44:in `new'
  activerecord (4.2.0) lib/active_record/connection_adapters/postgresql_adapter.rb:44:in `postgresql_connection'
  activerecord (4.2.0) lib/active_record/connection_adapters/abstract/connection_pool.rb:436:in `new_connection'
  activerecord (4.2.0) lib/active_record/connection_adapters/abstract/connection_pool.rb:446:in `checkout_new_connection'
  activerecord (4.2.0) lib/active_record/connection_adapters/abstract/connection_pool.rb:422:in `acquire_connection'
  activerecord (4.2.0) lib/active_record/connection_adapters/abstract/connection_pool.rb:349:in `block in checkout'
  /Users/MacBookPro/.rbenv/versions/2.2.1/lib/ruby/2.2.0/monitor.rb:211:in `mon_synchronize'
  activerecord (4.2.0) lib/active_record/connection_adapters/abstract/connection_pool.rb:348:in `checkout'
  activerecord (4.2.0) lib/active_record/connection_adapters/abstract/connection_pool.rb:263:in `block in connection'
  /Users/MacBookPro/.rbenv/versions/2.2.1/lib/ruby/2.2.0/monitor.rb:211:in `mon_synchronize'
  activerecord (4.2.0) lib/active_record/connection_adapters/abstract/connection_pool.rb:262:in `connection'
  activerecord (4.2.0) lib/active_record/connection_adapters/abstract/connection_pool.rb:565:in `retrieve_connection'
  activerecord (4.2.0) lib/active_record/connection_handling.rb:113:in `retrieve_connection'
  activerecord (4.2.0) lib/active_record/connection_handling.rb:87:in `connection'
  activerecord (4.2.0) lib/active_record/migration.rb:384:in `connection'
  activerecord (4.2.0) lib/active_record/migration.rb:371:in `call'
  actionpack (4.2.0) lib/action_dispatch/middleware/callbacks.rb:29:in `block in call'
  activesupport (4.2.0) lib/active_support/callbacks.rb:88:in `call'
  activesupport (4.2.0) lib/active_support/callbacks.rb:88:in `_run_callbacks'
  activesupport (4.2.0) lib/active_support/callbacks.rb:734:in `_run_call_callbacks'
  activesupport (4.2.0) lib/active_support/callbacks.rb:81:in `run_callbacks'
  actionpack (4.2.0) lib/action_dispatch/middleware/callbacks.rb:27:in `call'
  actionpack (4.2.0) lib/action_dispatch/middleware/reloader.rb:73:in `call'
  actionpack (4.2.0) lib/action_dispatch/middleware/remote_ip.rb:78:in `call'
  actionpack (4.2.0) lib/action_dispatch/middleware/debug_exceptions.rb:17:in `call'
  web-console (2.1.2) lib/web_console/middleware.rb:37:in `call'
  actionpack (4.2.0) lib/action_dispatch/middleware/show_exceptions.rb:30:in `call'
  railties (4.2.0) lib/rails/rack/logger.rb:38:in `call_app'
  railties (4.2.0) lib/rails/rack/logger.rb:20:in `block in call'
  activesupport (4.2.0) lib/active_support/tagged_logging.rb:68:in `block in tagged'
  activesupport (4.2.0) lib/active_support/tagged_logging.rb:26:in `tagged'
  activesupport (4.2.0) lib/active_support/tagged_logging.rb:68:in `tagged'
  railties (4.2.0) lib/rails/rack/logger.rb:20:in `call'
  actionpack (4.2.0) lib/action_dispatch/middleware/request_id.rb:21:in `call'
  rack (1.6.1) lib/rack/methodoverride.rb:22:in `call'
  rack (1.6.1) lib/rack/runtime.rb:18:in `call'
  activesupport (4.2.0) lib/active_support/cache/strategy/local_cache_middleware.rb:28:in `call'
  rack (1.6.1) lib/rack/lock.rb:17:in `call'
  actionpack (4.2.0) lib/action_dispatch/middleware/static.rb:113:in `call'
  rack (1.6.1) lib/rack/sendfile.rb:113:in `call'
  railties (4.2.0) lib/rails/engine.rb:518:in `call'
  railties (4.2.0) lib/rails/application.rb:164:in `call'
  rack (1.6.1) lib/rack/content_length.rb:15:in `call'
  puma (2.9.1) lib/puma/server.rb:490:in `handle_request'
  puma (2.9.1) lib/puma/server.rb:361:in `process_client'
  puma (2.9.1) lib/puma/server.rb:254:in `block in run'
  puma (2.9.1) lib/puma/thread_pool.rb:92:in `call'
  puma (2.9.1) lib/puma/thread_pool.rb:92:in `block in spawn_thread'


  Rendered /Users/MacBookPro/.rbenv/versions/2.2.1/lib/ruby/gems/2.2.0/gems/actionpack-4.2.0/lib/action_dispatch/middleware/templates/rescues/_source.erb (4.2ms)
  Rendered /Users/MacBookPro/.rbenv/versions/2.2.1/lib/ruby/gems/2.2.0/gems/actionpack-4.2.0/lib/action_dispatch/middleware/templates/rescues/_trace.html.erb (2.0ms)
  Rendered /Users/MacBookPro/.rbenv/versions/2.2.1/lib/ruby/gems/2.2.0/gems/actionpack-4.2.0/lib/action_dispatch/middleware/templates/rescues/_request_and_response.html.erb (1.0ms)
  Rendered /Users/MacBookPro/.rbenv/versions/2.2.1/lib/ruby/gems/2.2.0/gems/actionpack-4.2.0/lib/action_dispatch/middleware/templates/rescues/diagnostics.html.erb within rescues/layout (76.6ms)
  Rendered /Users/MacBookPro/.rbenv/versions/2.2.1/lib/ruby/gems/2.2.0/gems/web-console-2.1.2/lib/web_console/templates/_markup.html.erb (0.4ms)
  Rendered /Users/MacBookPro/.rbenv/versions/2.2.1/lib/ruby/gems/2.2.0/gems/web-console-2.1.2/lib/web_console/templates/style.css.erb within layouts/inlined_string (0.4ms)
  Rendered /Users/MacBookPro/.rbenv/versions/2.2.1/lib/ruby/gems/2.2.0/gems/web-console-2.1.2/lib/web_console/templates/_inner_console_markup.html.erb within layouts/inlined_string (0.6ms)
  Rendered /Users/MacBookPro/.rbenv/versions/2.2.1/lib/ruby/gems/2.2.0/gems/web-console-2.1.2/lib/web_console/templates/_prompt_box_markup.html.erb within layouts/inlined_string (0.3ms)
  Rendered /Users/MacBookPro/.rbenv/versions/2.2.1/lib/ruby/gems/2.2.0/gems/web-console-2.1.2/lib/web_console/templates/console.js.erb within layouts/javascript (70.2ms)
  Rendered /Users/MacBookPro/.rbenv/versions/2.2.1/lib/ruby/gems/2.2.0/gems/web-console-2.1.2/lib/web_console/templates/main.js.erb within layouts/javascript (0.4ms)
  Rendered /Users/MacBookPro/.rbenv/versions/2.2.1/lib/ruby/gems/2.2.0/gems/web-console-2.1.2/lib/web_console/templates/error_page.js.erb within layouts/javascript (0.6ms)
  Rendered /Users/MacBookPro/.rbenv/versions/2.2.1/lib/ruby/gems/2.2.0/gems/web-console-2.1.2/lib/web_console/templates/index.html.erb (160.2ms)
  [1m[36m (62.5ms)[0m  [1mCREATE TABLE "schema_migrations" ("version" character varying NOT NULL) [0m
  [1m[35m (59.7ms)[0m  CREATE UNIQUE INDEX  "unique_schema_migrations" ON "schema_migrations"  ("version")
  [1m[36mActiveRecord::SchemaMigration Load (1.1ms)[0m  [1mSELECT "schema_migrations".* FROM "schema_migrations"[0m
Migrating to CreateProyectos (20150512005517)
  [1m[35m (0.5ms)[0m  BEGIN
  [1m[36m (86.6ms)[0m  [1mCREATE TABLE "proyectos" ("id" serial primary key, "proyecto_nombre" character varying, "created_at" timestamp NOT NULL, "updated_at" timestamp NOT NULL) [0m
  [1m[35mSQL (0.9ms)[0m  INSERT INTO "schema_migrations" ("version") VALUES ($1)  [["version", "20150512005517"]]
  [1m[36m (16.8ms)[0m  [1mCOMMIT[0m
Migrating to CreateParticipantes (20150512005601)
  [1m[35m (0.5ms)[0m  BEGIN
  [1m[36m (73.9ms)[0m  [1mCREATE TABLE "participantes" ("id" serial primary key, "participante_nombre" character varying, "participante_apellido" character varying, "participante_rut" character varying, "participante_iniciales" character varying, "participante_foto" character varying, "created_at" timestamp NOT NULL, "updated_at" timestamp NOT NULL) [0m
  [1m[35mSQL (0.5ms)[0m  INSERT INTO "schema_migrations" ("version") VALUES ($1)  [["version", "20150512005601"]]
  [1m[36m (8.9ms)[0m  [1mCOMMIT[0m
Migrating to CreateTipoElementos (20150512005701)
  [1m[35m (0.5ms)[0m  BEGIN
  [1m[36m (74.0ms)[0m  [1mCREATE TABLE "tipo_elementos" ("id" serial primary key, "tipo_nombre" character varying, "created_at" timestamp NOT NULL, "updated_at" timestamp NOT NULL) [0m
  [1m[35mSQL (0.4ms)[0m  INSERT INTO "schema_migrations" ("version") VALUES ($1)  [["version", "20150512005701"]]
  [1m[36m (19.5ms)[0m  [1mCOMMIT[0m
Migrating to CreateActa (20150512005905)
  [1m[35m (0.5ms)[0m  BEGIN
  [1m[36m (41.0ms)[0m  [1mCREATE TABLE "acta" ("id" serial primary key, "acta_correlativo" integer, "acta_fecha" date, "acta_inicio" time, "acta_termino" time, "proyecto_id" integer, "created_at" timestamp NOT NULL, "updated_at" timestamp NOT NULL) [0m
  [1m[35m (29.0ms)[0m  CREATE  INDEX  "index_acta_on_proyecto_id" ON "acta"  ("proyecto_id")
  [1m[36mSQL (0.4ms)[0m  [1mINSERT INTO "schema_migrations" ("version") VALUES ($1)[0m  [["version", "20150512005905"]]
  [1m[35m (18.7ms)[0m  COMMIT
Migrating to CreateTemas (20150512010542)
  [1m[36m (0.6ms)[0m  [1mBEGIN[0m
  [1m[35m (65.9ms)[0m  CREATE TABLE "temas" ("id" serial primary key, "tema_correlativo" integer, "tema_descripcion" text, "tema_nombre" character varying, "actum_id" integer, "created_at" timestamp NOT NULL, "updated_at" timestamp NOT NULL) 
  [1m[36m (36.6ms)[0m  [1mCREATE  INDEX  "index_temas_on_actum_id" ON "temas"  ("actum_id")[0m
  [1m[35mSQL (0.4ms)[0m  INSERT INTO "schema_migrations" ("version") VALUES ($1)  [["version", "20150512010542"]]
  [1m[36m (7.8ms)[0m  [1mCOMMIT[0m
Migrating to CreateElementoDialogicos (20150512011453)
  [1m[35m (0.6ms)[0m  BEGIN
  [1m[36m (69.8ms)[0m  [1mCREATE TABLE "elemento_dialogicos" ("id" serial primary key, "dialogico_correlativo" integer, "dialogico_nombre" character varying, "dialogico_referencia" text, "dialogico_estado" character varying, "tipo_elemento_id" integer, "actum_id" integer, "tema_id" integer, "created_at" timestamp NOT NULL, "updated_at" timestamp NOT NULL) [0m
  [1m[35m (28.9ms)[0m  CREATE  INDEX  "index_elemento_dialogicos_on_tipo_elemento_id" ON "elemento_dialogicos"  ("tipo_elemento_id")
  [1m[36m (29.7ms)[0m  [1mCREATE  INDEX  "index_elemento_dialogicos_on_actum_id" ON "elemento_dialogicos"  ("actum_id")[0m
  [1m[35m (29.6ms)[0m  CREATE  INDEX  "index_elemento_dialogicos_on_tema_id" ON "elemento_dialogicos"  ("tema_id")
  [1m[36mSQL (0.4ms)[0m  [1mINSERT INTO "schema_migrations" ("version") VALUES ($1)[0m  [["version", "20150512011453"]]
  [1m[35m (12.4ms)[0m  COMMIT
Migrating to PoblacionInicial (20150512012206)
  [1m[36m (1.2ms)[0m  [1mBEGIN[0m
  [1m[35mSQL (1.3ms)[0m  INSERT INTO "tipo_elementos" ("tipo_nombre", "created_at", "updated_at") VALUES ($1, $2, $3) RETURNING "id"  [["tipo_nombre", "Acuerdo"], ["created_at", "2015-07-01 04:07:29.328458"], ["updated_at", "2015-07-01 04:07:29.328458"]]
  [1m[36mSQL (0.8ms)[0m  [1mINSERT INTO "tipo_elementos" ("tipo_nombre", "created_at", "updated_at") VALUES ($1, $2, $3) RETURNING "id"[0m  [["tipo_nombre", "Desacuerdo"], ["created_at", "2015-07-01 04:07:29.332025"], ["updated_at", "2015-07-01 04:07:29.332025"]]
  [1m[35mSQL (0.6ms)[0m  INSERT INTO "tipo_elementos" ("tipo_nombre", "created_at", "updated_at") VALUES ($1, $2, $3) RETURNING "id"  [["tipo_nombre", "Duda"], ["created_at", "2015-07-01 04:07:29.334016"], ["updated_at", "2015-07-01 04:07:29.334016"]]
  [1m[36mSQL (0.7ms)[0m  [1mINSERT INTO "tipo_elementos" ("tipo_nombre", "created_at", "updated_at") VALUES ($1, $2, $3) RETURNING "id"[0m  [["tipo_nombre", "Compromiso"], ["created_at", "2015-07-01 04:07:29.335771"], ["updated_at", "2015-07-01 04:07:29.335771"]]
  [1m[35mSQL (1.1ms)[0m  INSERT INTO "proyectos" ("proyecto_nombre", "created_at", "updated_at") VALUES ($1, $2, $3) RETURNING "id"  [["proyecto_nombre", "L-pink"], ["created_at", "2015-07-01 04:07:29.348107"], ["updated_at", "2015-07-01 04:07:29.348107"]]
  [1m[36mSQL (0.6ms)[0m  [1mINSERT INTO "proyectos" ("proyecto_nombre", "created_at", "updated_at") VALUES ($1, $2, $3) RETURNING "id"[0m  [["proyecto_nombre", "SendFast"], ["created_at", "2015-07-01 04:07:29.351531"], ["updated_at", "2015-07-01 04:07:29.351531"]]
  [1m[35mSQL (0.5ms)[0m  INSERT INTO "proyectos" ("proyecto_nombre", "created_at", "updated_at") VALUES ($1, $2, $3) RETURNING "id"  [["proyecto_nombre", "Aldea Animal"], ["created_at", "2015-07-01 04:07:29.353568"], ["updated_at", "2015-07-01 04:07:29.353568"]]
  [1m[36mSQL (1.1ms)[0m  [1mINSERT INTO "participantes" ("participante_nombre", "participante_apellido", "participante_rut", "participante_iniciales", "participante_foto", "created_at", "updated_at") VALUES ($1, $2, $3, $4, $5, $6, $7) RETURNING "id"[0m  [["participante_nombre", "Ismael"], ["participante_apellido", "Vicencio"], ["participante_rut", "176807970"], ["participante_iniciales", "IV"], ["participante_foto", "ismaelVicencio.jpg"], ["created_at", "2015-07-01 04:07:29.367940"], ["updated_at", "2015-07-01 04:07:29.367940"]]
  [1m[35mSQL (0.7ms)[0m  INSERT INTO "participantes" ("participante_nombre", "participante_apellido", "participante_rut", "participante_iniciales", "participante_foto", "created_at", "updated_at") VALUES ($1, $2, $3, $4, $5, $6, $7) RETURNING "id"  [["participante_nombre", "Daniel"], ["participante_apellido", "Vargas"], ["participante_rut", "111111111"], ["participante_iniciales", "DV"], ["participante_foto", "danielVargas.jpg"], ["created_at", "2015-07-01 04:07:29.372108"], ["updated_at", "2015-07-01 04:07:29.372108"]]
  [1m[36mSQL (0.7ms)[0m  [1mINSERT INTO "participantes" ("participante_nombre", "participante_apellido", "participante_rut", "participante_iniciales", "participante_foto", "created_at", "updated_at") VALUES ($1, $2, $3, $4, $5, $6, $7) RETURNING "id"[0m  [["participante_nombre", "Camilo"], ["participante_apellido", "Jimenez"], ["participante_rut", "222222222"], ["participante_iniciales", "CJ"], ["participante_foto", "camiloJimenez.jpg"], ["created_at", "2015-07-01 04:07:29.375012"], ["updated_at", "2015-07-01 04:07:29.375012"]]
  [1m[35mSQL (0.6ms)[0m  INSERT INTO "participantes" ("participante_nombre", "participante_apellido", "participante_rut", "participante_iniciales", "participante_foto", "created_at", "updated_at") VALUES ($1, $2, $3, $4, $5, $6, $7) RETURNING "id"  [["participante_nombre", "Gonzalo"], ["participante_apellido", "Martinez"], ["participante_rut", "333333333"], ["participante_iniciales", "GM"], ["participante_foto", "gonzaloMartinez.jpg"], ["created_at", "2015-07-01 04:07:29.377514"], ["updated_at", "2015-07-01 04:07:29.377514"]]
  [1m[36mSQL (0.5ms)[0m  [1mINSERT INTO "participantes" ("participante_nombre", "participante_apellido", "participante_rut", "participante_iniciales", "participante_foto", "created_at", "updated_at") VALUES ($1, $2, $3, $4, $5, $6, $7) RETURNING "id"[0m  [["participante_nombre", "Cristobal"], ["participante_apellido", "Vasquez"], ["participante_rut", "444444444"], ["participante_iniciales", "CV"], ["participante_foto", "perfil.jpg"], ["created_at", "2015-07-01 04:07:29.379701"], ["updated_at", "2015-07-01 04:07:29.379701"]]
  [1m[35mSQL (1.5ms)[0m  INSERT INTO "acta" ("proyecto_id", "acta_fecha", "acta_inicio", "acta_termino", "acta_correlativo", "created_at", "updated_at") VALUES ($1, $2, $3, $4, $5, $6, $7) RETURNING "id"  [["proyecto_id", 1], ["acta_fecha", "2015-05-10"], ["acta_inicio", "2000-01-01 19:30:00.000000"], ["acta_termino", "2000-01-01 20:00:00.000000"], ["acta_correlativo", 1], ["created_at", "2015-07-01 04:07:29.396232"], ["updated_at", "2015-07-01 04:07:29.396232"]]
  [1m[36mSQL (0.7ms)[0m  [1mINSERT INTO "acta" ("proyecto_id", "acta_fecha", "acta_inicio", "acta_termino", "acta_correlativo", "created_at", "updated_at") VALUES ($1, $2, $3, $4, $5, $6, $7) RETURNING "id"[0m  [["proyecto_id", 1], ["acta_fecha", "2015-05-11"], ["acta_inicio", "2000-01-01 19:30:00.000000"], ["acta_termino", "2000-01-01 20:00:00.000000"], ["acta_correlativo", 2], ["created_at", "2015-07-01 04:07:29.408930"], ["updated_at", "2015-07-01 04:07:29.408930"]]
  [1m[35mSQL (0.6ms)[0m  INSERT INTO "acta" ("proyecto_id", "acta_fecha", "acta_inicio", "acta_termino", "acta_correlativo", "created_at", "updated_at") VALUES ($1, $2, $3, $4, $5, $6, $7) RETURNING "id"  [["proyecto_id", 1], ["acta_fecha", "2015-05-12"], ["acta_inicio", "2000-01-01 19:30:00.000000"], ["acta_termino", "2000-01-01 20:00:00.000000"], ["acta_correlativo", 3], ["created_at", "2015-07-01 04:07:29.411706"], ["updated_at", "2015-07-01 04:07:29.411706"]]
  [1m[36mSQL (0.6ms)[0m  [1mINSERT INTO "acta" ("proyecto_id", "acta_fecha", "acta_inicio", "acta_termino", "acta_correlativo", "created_at", "updated_at") VALUES ($1, $2, $3, $4, $5, $6, $7) RETURNING "id"[0m  [["proyecto_id", 2], ["acta_fecha", "2015-05-15"], ["acta_inicio", "2000-01-01 19:30:00.000000"], ["acta_termino", "2000-01-01 20:00:00.000000"], ["acta_correlativo", 1], ["created_at", "2015-07-01 04:07:29.414306"], ["updated_at", "2015-07-01 04:07:29.414306"]]
  [1m[35mSQL (0.6ms)[0m  INSERT INTO "acta" ("proyecto_id", "acta_fecha", "acta_inicio", "acta_termino", "acta_correlativo", "created_at", "updated_at") VALUES ($1, $2, $3, $4, $5, $6, $7) RETURNING "id"  [["proyecto_id", 2], ["acta_fecha", "2015-05-16"], ["acta_inicio", "2000-01-01 19:30:00.000000"], ["acta_termino", "2000-01-01 20:00:00.000000"], ["acta_correlativo", 2], ["created_at", "2015-07-01 04:07:29.416844"], ["updated_at", "2015-07-01 04:07:29.416844"]]
  [1m[36mSQL (1.7ms)[0m  [1mINSERT INTO "temas" ("tema_correlativo", "tema_descripcion", "tema_nombre", "actum_id", "created_at", "updated_at") VALUES ($1, $2, $3, $4, $5, $6) RETURNING "id"[0m  [["tema_correlativo", 1], ["tema_descripcion", "Un tema"], ["tema_nombre", "Tema 1"], ["actum_id", 1], ["created_at", "2015-07-01 04:07:29.431405"], ["updated_at", "2015-07-01 04:07:29.431405"]]
  [1m[35mSQL (0.7ms)[0m  INSERT INTO "temas" ("tema_correlativo", "tema_descripcion", "tema_nombre", "actum_id", "created_at", "updated_at") VALUES ($1, $2, $3, $4, $5, $6) RETURNING "id"  [["tema_correlativo", 2], ["tema_descripcion", "Un tema"], ["tema_nombre", "Tema 2"], ["actum_id", 1], ["created_at", "2015-07-01 04:07:29.436667"], ["updated_at", "2015-07-01 04:07:29.436667"]]
  [1m[36mSQL (0.6ms)[0m  [1mINSERT INTO "temas" ("tema_correlativo", "tema_descripcion", "tema_nombre", "actum_id", "created_at", "updated_at") VALUES ($1, $2, $3, $4, $5, $6) RETURNING "id"[0m  [["tema_correlativo", 3], ["tema_descripcion", "Un tema"], ["tema_nombre", "Tema 3"], ["actum_id", 1], ["created_at", "2015-07-01 04:07:29.439257"], ["updated_at", "2015-07-01 04:07:29.439257"]]
  [1m[35mSQL (0.6ms)[0m  INSERT INTO "temas" ("tema_correlativo", "tema_descripcion", "tema_nombre", "actum_id", "created_at", "updated_at") VALUES ($1, $2, $3, $4, $5, $6) RETURNING "id"  [["tema_correlativo", 4], ["tema_descripcion", "Un tema"], ["tema_nombre", "Tema 4"], ["actum_id", 1], ["created_at", "2015-07-01 04:07:29.441679"], ["updated_at", "2015-07-01 04:07:29.441679"]]
  [1m[36mSQL (0.6ms)[0m  [1mINSERT INTO "temas" ("tema_correlativo", "tema_descripcion", "tema_nombre", "actum_id", "created_at", "updated_at") VALUES ($1, $2, $3, $4, $5, $6) RETURNING "id"[0m  [["tema_correlativo", 1], ["tema_descripcion", "Un tema"], ["tema_nombre", "Tema 1"], ["actum_id", 2], ["created_at", "2015-07-01 04:07:29.443875"], ["updated_at", "2015-07-01 04:07:29.443875"]]
  [1m[35mSQL (0.6ms)[0m  INSERT INTO "temas" ("tema_correlativo", "tema_descripcion", "tema_nombre", "actum_id", "created_at", "updated_at") VALUES ($1, $2, $3, $4, $5, $6) RETURNING "id"  [["tema_correlativo", 2], ["tema_descripcion", "Un tema"], ["tema_nombre", "Tema 2"], ["actum_id", 2], ["created_at", "2015-07-01 04:07:29.446081"], ["updated_at", "2015-07-01 04:07:29.446081"]]
  [1m[36mSQL (0.5ms)[0m  [1mINSERT INTO "temas" ("tema_correlativo", "tema_descripcion", "tema_nombre", "actum_id", "created_at", "updated_at") VALUES ($1, $2, $3, $4, $5, $6) RETURNING "id"[0m  [["tema_correlativo", 3], ["tema_descripcion", "Un tema"], ["tema_nombre", "Tema 3"], ["actum_id", 2], ["created_at", "2015-07-01 04:07:29.448302"], ["updated_at", "2015-07-01 04:07:29.448302"]]
  [1m[35mSQL (0.5ms)[0m  INSERT INTO "temas" ("tema_correlativo", "tema_descripcion", "tema_nombre", "actum_id", "created_at", "updated_at") VALUES ($1, $2, $3, $4, $5, $6) RETURNING "id"  [["tema_correlativo", 4], ["tema_descripcion", "Un tema"], ["tema_nombre", "Tema 4"], ["actum_id", 2], ["created_at", "2015-07-01 04:07:29.450457"], ["updated_at", "2015-07-01 04:07:29.450457"]]
  [1m[36mSQL (1.6ms)[0m  [1mINSERT INTO "elemento_dialogicos" ("dialogico_correlativo", "dialogico_nombre", "dialogico_referencia", "dialogico_estado", "actum_id", "tipo_elemento_id", "tema_id", "created_at", "updated_at") VALUES ($1, $2, $3, $4, $5, $6, $7, $8, $9) RETURNING "id"[0m  [["dialogico_correlativo", 1], ["dialogico_nombre", "Compromiso 1"], ["dialogico_referencia", "Texto de referencia"], ["dialogico_estado", "Pendiente"], ["actum_id", 1], ["tipo_elemento_id", 4], ["tema_id", 1], ["created_at", "2015-07-01 04:07:29.467007"], ["updated_at", "2015-07-01 04:07:29.467007"]]
  [1m[35mSQL (0.8ms)[0m  INSERT INTO "elemento_dialogicos" ("dialogico_correlativo", "dialogico_nombre", "dialogico_referencia", "dialogico_estado", "actum_id", "tipo_elemento_id", "tema_id", "created_at", "updated_at") VALUES ($1, $2, $3, $4, $5, $6, $7, $8, $9) RETURNING "id"  [["dialogico_correlativo", 2], ["dialogico_nombre", "Compromiso 2"], ["dialogico_referencia", "Texto de referencia"], ["dialogico_estado", "Pendiente"], ["actum_id", 1], ["tipo_elemento_id", 4], ["tema_id", 2], ["created_at", "2015-07-01 04:07:29.472209"], ["updated_at", "2015-07-01 04:07:29.472209"]]
  [1m[36mSQL (0.6ms)[0m  [1mINSERT INTO "elemento_dialogicos" ("dialogico_correlativo", "dialogico_nombre", "dialogico_referencia", "dialogico_estado", "actum_id", "tipo_elemento_id", "tema_id", "created_at", "updated_at") VALUES ($1, $2, $3, $4, $5, $6, $7, $8, $9) RETURNING "id"[0m  [["dialogico_correlativo", 3], ["dialogico_nombre", "Acuerdo 1"], ["dialogico_referencia", "Texto de referencia"], ["dialogico_estado", "Pendiente"], ["actum_id", 1], ["tipo_elemento_id", 1], ["tema_id", 3], ["created_at", "2015-07-01 04:07:29.475275"], ["updated_at", "2015-07-01 04:07:29.475275"]]
  [1m[35mSQL (0.6ms)[0m  INSERT INTO "elemento_dialogicos" ("dialogico_correlativo", "dialogico_nombre", "dialogico_referencia", "dialogico_estado", "actum_id", "tipo_elemento_id", "tema_id", "created_at", "updated_at") VALUES ($1, $2, $3, $4, $5, $6, $7, $8, $9) RETURNING "id"  [["dialogico_correlativo", 1], ["dialogico_nombre", "Desacuerdo 1"], ["dialogico_referencia", "Texto de referencia"], ["dialogico_estado", "Pendiente"], ["actum_id", 2], ["tipo_elemento_id", 2], ["tema_id", 5], ["created_at", "2015-07-01 04:07:29.478350"], ["updated_at", "2015-07-01 04:07:29.478350"]]
  [1m[36mSQL (0.6ms)[0m  [1mINSERT INTO "elemento_dialogicos" ("dialogico_correlativo", "dialogico_nombre", "dialogico_referencia", "dialogico_estado", "actum_id", "tipo_elemento_id", "tema_id", "created_at", "updated_at") VALUES ($1, $2, $3, $4, $5, $6, $7, $8, $9) RETURNING "id"[0m  [["dialogico_correlativo", 2], ["dialogico_nombre", "Duda 1"], ["dialogico_referencia", "Texto de referencia"], ["dialogico_estado", "Pendiente"], ["actum_id", 2], ["tipo_elemento_id", 3], ["tema_id", 6], ["created_at", "2015-07-01 04:07:29.481042"], ["updated_at", "2015-07-01 04:07:29.481042"]]
  [1m[35mSQL (0.3ms)[0m  INSERT INTO "schema_migrations" ("version") VALUES ($1)  [["version", "20150512012206"]]
  [1m[36m (7.9ms)[0m  [1mCOMMIT[0m
Migrating to CreateParticipanteProyectos (20150513105143)
  [1m[35m (0.4ms)[0m  BEGIN
  [1m[36m (39.0ms)[0m  [1mCREATE TABLE "participante_proyectos" ("id" serial primary key, "participante_id" integer, "proyecto_id" integer, "created_at" timestamp NOT NULL, "updated_at" timestamp NOT NULL) [0m
  [1m[35m (29.4ms)[0m  CREATE  INDEX  "index_participante_proyectos_on_participante_id" ON "participante_proyectos"  ("participante_id")
  [1m[36m (29.4ms)[0m  [1mCREATE  INDEX  "index_participante_proyectos_on_proyecto_id" ON "participante_proyectos"  ("proyecto_id")[0m
  [1m[35mSQL (0.4ms)[0m  INSERT INTO "schema_migrations" ("version") VALUES ($1)  [["version", "20150513105143"]]
  [1m[36m (10.9ms)[0m  [1mCOMMIT[0m
Migrating to CreateParticipanteActa (20150513105214)
  [1m[35m (0.9ms)[0m  BEGIN
  [1m[36m (39.6ms)[0m  [1mCREATE TABLE "participante_acta" ("id" serial primary key, "participante_id" integer, "actum_id" integer, "participante_acta_estado" boolean, "created_at" timestamp NOT NULL, "updated_at" timestamp NOT NULL) [0m
  [1m[35m (29.6ms)[0m  CREATE  INDEX  "index_participante_acta_on_participante_id" ON "participante_acta"  ("participante_id")
  [1m[36m (40.2ms)[0m  [1mCREATE  INDEX  "index_participante_acta_on_actum_id" ON "participante_acta"  ("actum_id")[0m
  [1m[35mSQL (0.6ms)[0m  INSERT INTO "schema_migrations" ("version") VALUES ($1)  [["version", "20150513105214"]]
  [1m[36m (18.1ms)[0m  [1mCOMMIT[0m
Migrating to MultiParticipante (20150513110010)
  [1m[35m (0.4ms)[0m  BEGIN
  [1m[36mSQL (0.8ms)[0m  [1mINSERT INTO "participante_proyectos" ("proyecto_id", "participante_id", "created_at", "updated_at") VALUES ($1, $2, $3, $4) RETURNING "id"[0m  [["proyecto_id", 1], ["participante_id", 1], ["created_at", "2015-07-01 04:07:29.784125"], ["updated_at", "2015-07-01 04:07:29.784125"]]
  [1m[35mSQL (0.6ms)[0m  INSERT INTO "participante_proyectos" ("proyecto_id", "participante_id", "created_at", "updated_at") VALUES ($1, $2, $3, $4) RETURNING "id"  [["proyecto_id", 1], ["participante_id", 2], ["created_at", "2015-07-01 04:07:29.786991"], ["updated_at", "2015-07-01 04:07:29.786991"]]
  [1m[36mSQL (0.6ms)[0m  [1mINSERT INTO "participante_proyectos" ("proyecto_id", "participante_id", "created_at", "updated_at") VALUES ($1, $2, $3, $4) RETURNING "id"[0m  [["proyecto_id", 1], ["participante_id", 3], ["created_at", "2015-07-01 04:07:29.788997"], ["updated_at", "2015-07-01 04:07:29.788997"]]
  [1m[35mSQL (0.6ms)[0m  INSERT INTO "participante_proyectos" ("proyecto_id", "participante_id", "created_at", "updated_at") VALUES ($1, $2, $3, $4) RETURNING "id"  [["proyecto_id", 1], ["participante_id", 4], ["created_at", "2015-07-01 04:07:29.790923"], ["updated_at", "2015-07-01 04:07:29.790923"]]
  [1m[36mSQL (0.5ms)[0m  [1mINSERT INTO "participante_proyectos" ("proyecto_id", "participante_id", "created_at", "updated_at") VALUES ($1, $2, $3, $4) RETURNING "id"[0m  [["proyecto_id", 2], ["participante_id", 5], ["created_at", "2015-07-01 04:07:29.792849"], ["updated_at", "2015-07-01 04:07:29.792849"]]
  [1m[35mSQL (1.0ms)[0m  INSERT INTO "participante_acta" ("participante_id", "actum_id", "participante_acta_estado", "created_at", "updated_at") VALUES ($1, $2, $3, $4, $5) RETURNING "id"  [["participante_id", 1], ["actum_id", 1], ["participante_acta_estado", "t"], ["created_at", "2015-07-01 04:07:29.812420"], ["updated_at", "2015-07-01 04:07:29.812420"]]
  [1m[36mSQL (0.6ms)[0m  [1mINSERT INTO "participante_acta" ("participante_id", "actum_id", "participante_acta_estado", "created_at", "updated_at") VALUES ($1, $2, $3, $4, $5) RETURNING "id"[0m  [["participante_id", 1], ["actum_id", 2], ["participante_acta_estado", "f"], ["created_at", "2015-07-01 04:07:29.816440"], ["updated_at", "2015-07-01 04:07:29.816440"]]
  [1m[35mSQL (0.5ms)[0m  INSERT INTO "participante_acta" ("participante_id", "actum_id", "participante_acta_estado", "created_at", "updated_at") VALUES ($1, $2, $3, $4, $5) RETURNING "id"  [["participante_id", 1], ["actum_id", 3], ["participante_acta_estado", "t"], ["created_at", "2015-07-01 04:07:29.819032"], ["updated_at", "2015-07-01 04:07:29.819032"]]
  [1m[36mSQL (0.5ms)[0m  [1mINSERT INTO "participante_acta" ("participante_id", "actum_id", "participante_acta_estado", "created_at", "updated_at") VALUES ($1, $2, $3, $4, $5) RETURNING "id"[0m  [["participante_id", 2], ["actum_id", 1], ["participante_acta_estado", "t"], ["created_at", "2015-07-01 04:07:29.821283"], ["updated_at", "2015-07-01 04:07:29.821283"]]
  [1m[35mSQL (0.5ms)[0m  INSERT INTO "participante_acta" ("participante_id", "actum_id", "participante_acta_estado", "created_at", "updated_at") VALUES ($1, $2, $3, $4, $5) RETURNING "id"  [["participante_id", 2], ["actum_id", 2], ["participante_acta_estado", "f"], ["created_at", "2015-07-01 04:07:29.823399"], ["updated_at", "2015-07-01 04:07:29.823399"]]
  [1m[36mSQL (0.5ms)[0m  [1mINSERT INTO "participante_acta" ("participante_id", "actum_id", "participante_acta_estado", "created_at", "updated_at") VALUES ($1, $2, $3, $4, $5) RETURNING "id"[0m  [["participante_id", 2], ["actum_id", 3], ["participante_acta_estado", "t"], ["created_at", "2015-07-01 04:07:29.825430"], ["updated_at", "2015-07-01 04:07:29.825430"]]
  [1m[35mSQL (0.4ms)[0m  INSERT INTO "participante_acta" ("participante_id", "actum_id", "participante_acta_estado", "created_at", "updated_at") VALUES ($1, $2, $3, $4, $5) RETURNING "id"  [["participante_id", 3], ["actum_id", 3], ["participante_acta_estado", "t"], ["created_at", "2015-07-01 04:07:29.827446"], ["updated_at", "2015-07-01 04:07:29.827446"]]
  [1m[36mSQL (0.4ms)[0m  [1mINSERT INTO "participante_acta" ("participante_id", "actum_id", "participante_acta_estado", "created_at", "updated_at") VALUES ($1, $2, $3, $4, $5) RETURNING "id"[0m  [["participante_id", 4], ["actum_id", 3], ["participante_acta_estado", "t"], ["created_at", "2015-07-01 04:07:29.829449"], ["updated_at", "2015-07-01 04:07:29.829449"]]
  [1m[35mSQL (0.4ms)[0m  INSERT INTO "participante_acta" ("participante_id", "actum_id", "participante_acta_estado", "created_at", "updated_at") VALUES ($1, $2, $3, $4, $5) RETURNING "id"  [["participante_id", 3], ["actum_id", 1], ["participante_acta_estado", "f"], ["created_at", "2015-07-01 04:07:29.831411"], ["updated_at", "2015-07-01 04:07:29.831411"]]
  [1m[36mSQL (0.4ms)[0m  [1mINSERT INTO "participante_acta" ("participante_id", "actum_id", "participante_acta_estado", "created_at", "updated_at") VALUES ($1, $2, $3, $4, $5) RETURNING "id"[0m  [["participante_id", 3], ["actum_id", 2], ["participante_acta_estado", "t"], ["created_at", "2015-07-01 04:07:29.833498"], ["updated_at", "2015-07-01 04:07:29.833498"]]
  [1m[35mSQL (0.4ms)[0m  INSERT INTO "participante_acta" ("participante_id", "actum_id", "participante_acta_estado", "created_at", "updated_at") VALUES ($1, $2, $3, $4, $5) RETURNING "id"  [["participante_id", 4], ["actum_id", 1], ["participante_acta_estado", "f"], ["created_at", "2015-07-01 04:07:29.835427"], ["updated_at", "2015-07-01 04:07:29.835427"]]
  [1m[36mSQL (0.4ms)[0m  [1mINSERT INTO "participante_acta" ("participante_id", "actum_id", "participante_acta_estado", "created_at", "updated_at") VALUES ($1, $2, $3, $4, $5) RETURNING "id"[0m  [["participante_id", 4], ["actum_id", 2], ["participante_acta_estado", "t"], ["created_at", "2015-07-01 04:07:29.837331"], ["updated_at", "2015-07-01 04:07:29.837331"]]
  [1m[35mSQL (0.4ms)[0m  INSERT INTO "participante_acta" ("participante_id", "actum_id", "participante_acta_estado", "created_at", "updated_at") VALUES ($1, $2, $3, $4, $5) RETURNING "id"  [["participante_id", 5], ["actum_id", 4], ["participante_acta_estado", "t"], ["created_at", "2015-07-01 04:07:29.839248"], ["updated_at", "2015-07-01 04:07:29.839248"]]
  [1m[36mSQL (0.4ms)[0m  [1mINSERT INTO "participante_acta" ("participante_id", "actum_id", "participante_acta_estado", "created_at", "updated_at") VALUES ($1, $2, $3, $4, $5) RETURNING "id"[0m  [["participante_id", 5], ["actum_id", 5], ["participante_acta_estado", "t"], ["created_at", "2015-07-01 04:07:29.841218"], ["updated_at", "2015-07-01 04:07:29.841218"]]
  [1m[35mSQL (0.4ms)[0m  INSERT INTO "schema_migrations" ("version") VALUES ($1)  [["version", "20150513110010"]]
  [1m[36m (3.9ms)[0m  [1mCOMMIT[0m
  [1m[35mActiveRecord::SchemaMigration Load (1.1ms)[0m  SELECT "schema_migrations".* FROM "schema_migrations"
  [1m[36m (4.6ms)[0m  [1mSELECT t2.oid::regclass::text AS to_table, a1.attname AS column, a2.attname AS primary_key, c.conname AS name, c.confupdtype AS on_update, c.confdeltype AS on_delete
FROM pg_constraint c
JOIN pg_class t1 ON c.conrelid = t1.oid
JOIN pg_class t2 ON c.confrelid = t2.oid
JOIN pg_attribute a1 ON a1.attnum = c.conkey[1] AND a1.attrelid = t1.oid
JOIN pg_attribute a2 ON a2.attnum = c.confkey[1] AND a2.attrelid = t2.oid
JOIN pg_namespace t3 ON c.connamespace = t3.oid
WHERE c.contype = 'f'
  AND t1.relname = 'acta'
  AND t3.nspname = ANY (current_schemas(false))
ORDER BY c.conname
[0m
  [1m[35m (4.0ms)[0m  SELECT t2.oid::regclass::text AS to_table, a1.attname AS column, a2.attname AS primary_key, c.conname AS name, c.confupdtype AS on_update, c.confdeltype AS on_delete
FROM pg_constraint c
JOIN pg_class t1 ON c.conrelid = t1.oid
JOIN pg_class t2 ON c.confrelid = t2.oid
JOIN pg_attribute a1 ON a1.attnum = c.conkey[1] AND a1.attrelid = t1.oid
JOIN pg_attribute a2 ON a2.attnum = c.confkey[1] AND a2.attrelid = t2.oid
JOIN pg_namespace t3 ON c.connamespace = t3.oid
WHERE c.contype = 'f'
  AND t1.relname = 'elemento_dialogicos'
  AND t3.nspname = ANY (current_schemas(false))
ORDER BY c.conname

  [1m[36m (3.6ms)[0m  [1mSELECT t2.oid::regclass::text AS to_table, a1.attname AS column, a2.attname AS primary_key, c.conname AS name, c.confupdtype AS on_update, c.confdeltype AS on_delete
FROM pg_constraint c
JOIN pg_class t1 ON c.conrelid = t1.oid
JOIN pg_class t2 ON c.confrelid = t2.oid
JOIN pg_attribute a1 ON a1.attnum = c.conkey[1] AND a1.attrelid = t1.oid
JOIN pg_attribute a2 ON a2.attnum = c.confkey[1] AND a2.attrelid = t2.oid
JOIN pg_namespace t3 ON c.connamespace = t3.oid
WHERE c.contype = 'f'
  AND t1.relname = 'participante_acta'
  AND t3.nspname = ANY (current_schemas(false))
ORDER BY c.conname
[0m
  [1m[35m (3.4ms)[0m  SELECT t2.oid::regclass::text AS to_table, a1.attname AS column, a2.attname AS primary_key, c.conname AS name, c.confupdtype AS on_update, c.confdeltype AS on_delete
FROM pg_constraint c
JOIN pg_class t1 ON c.conrelid = t1.oid
JOIN pg_class t2 ON c.confrelid = t2.oid
JOIN pg_attribute a1 ON a1.attnum = c.conkey[1] AND a1.attrelid = t1.oid
JOIN pg_attribute a2 ON a2.attnum = c.confkey[1] AND a2.attrelid = t2.oid
JOIN pg_namespace t3 ON c.connamespace = t3.oid
WHERE c.contype = 'f'
  AND t1.relname = 'participante_proyectos'
  AND t3.nspname = ANY (current_schemas(false))
ORDER BY c.conname

  [1m[36m (3.7ms)[0m  [1mSELECT t2.oid::regclass::text AS to_table, a1.attname AS column, a2.attname AS primary_key, c.conname AS name, c.confupdtype AS on_update, c.confdeltype AS on_delete
FROM pg_constraint c
JOIN pg_class t1 ON c.conrelid = t1.oid
JOIN pg_class t2 ON c.confrelid = t2.oid
JOIN pg_attribute a1 ON a1.attnum = c.conkey[1] AND a1.attrelid = t1.oid
JOIN pg_attribute a2 ON a2.attnum = c.confkey[1] AND a2.attrelid = t2.oid
JOIN pg_namespace t3 ON c.connamespace = t3.oid
WHERE c.contype = 'f'
  AND t1.relname = 'participantes'
  AND t3.nspname = ANY (current_schemas(false))
ORDER BY c.conname
[0m
  [1m[35m (3.5ms)[0m  SELECT t2.oid::regclass::text AS to_table, a1.attname AS column, a2.attname AS primary_key, c.conname AS name, c.confupdtype AS on_update, c.confdeltype AS on_delete
FROM pg_constraint c
JOIN pg_class t1 ON c.conrelid = t1.oid
JOIN pg_class t2 ON c.confrelid = t2.oid
JOIN pg_attribute a1 ON a1.attnum = c.conkey[1] AND a1.attrelid = t1.oid
JOIN pg_attribute a2 ON a2.attnum = c.confkey[1] AND a2.attrelid = t2.oid
JOIN pg_namespace t3 ON c.connamespace = t3.oid
WHERE c.contype = 'f'
  AND t1.relname = 'proyectos'
  AND t3.nspname = ANY (current_schemas(false))
ORDER BY c.conname

  [1m[36m (3.8ms)[0m  [1mSELECT t2.oid::regclass::text AS to_table, a1.attname AS column, a2.attname AS primary_key, c.conname AS name, c.confupdtype AS on_update, c.confdeltype AS on_delete
FROM pg_constraint c
JOIN pg_class t1 ON c.conrelid = t1.oid
JOIN pg_class t2 ON c.confrelid = t2.oid
JOIN pg_attribute a1 ON a1.attnum = c.conkey[1] AND a1.attrelid = t1.oid
JOIN pg_attribute a2 ON a2.attnum = c.confkey[1] AND a2.attrelid = t2.oid
JOIN pg_namespace t3 ON c.connamespace = t3.oid
WHERE c.contype = 'f'
  AND t1.relname = 'temas'
  AND t3.nspname = ANY (current_schemas(false))
ORDER BY c.conname
[0m
  [1m[35m (3.6ms)[0m  SELECT t2.oid::regclass::text AS to_table, a1.attname AS column, a2.attname AS primary_key, c.conname AS name, c.confupdtype AS on_update, c.confdeltype AS on_delete
FROM pg_constraint c
JOIN pg_class t1 ON c.conrelid = t1.oid
JOIN pg_class t2 ON c.confrelid = t2.oid
JOIN pg_attribute a1 ON a1.attnum = c.conkey[1] AND a1.attrelid = t1.oid
JOIN pg_attribute a2 ON a2.attnum = c.confkey[1] AND a2.attrelid = t2.oid
JOIN pg_namespace t3 ON c.connamespace = t3.oid
WHERE c.contype = 'f'
  AND t1.relname = 'tipo_elementos'
  AND t3.nspname = ANY (current_schemas(false))
ORDER BY c.conname



Started GET "/" for 127.0.0.1 at 2015-07-01 01:08:09 -0300
  [1m[36mActiveRecord::SchemaMigration Load (1.0ms)[0m  [1mSELECT "schema_migrations".* FROM "schema_migrations"[0m
Processing by PrincipalController#principal as HTML
  Rendered principal/principal.html.erb within layouts/application (866.4ms)
Completed 500 Internal Server Error in 1319ms

ActionView::Template::Error (Asset filtered out and will not be served: add `Rails.application.config.assets.precompile += %w( bootstrap/dist/fonts/glyphicons-halflings-regular.eot )` to `config/initializers/assets.rb` and restart your server
  (in /home/yerko/Escritorio/L-PINK-2015/vendor/assets/bower_components/bootstrap/dist/css/bootstrap.css.erb)):
    2: <html ng-app="principalModule">
    3: <head>
    4:   <title>Lpink</title>
    5:   <%= stylesheet_link_tag    'application', media: 'all'%>
    6:   <%= javascript_include_tag 'application' %>
    7:  <%= csrf_meta_tags %>
    8: </head>
  app/views/layouts/application.html.erb:5:in `_app_views_layouts_application_html_erb___4523000477747488775_18566260'


  Rendered /home/yerko/.rvm/gems/ruby-2.2.1/gems/actionpack-4.2.0/lib/action_dispatch/middleware/templates/rescues/_source.erb (12.4ms)
  Rendered /home/yerko/.rvm/gems/ruby-2.2.1/gems/actionpack-4.2.0/lib/action_dispatch/middleware/templates/rescues/_trace.html.erb (4.6ms)
  Rendered /home/yerko/.rvm/gems/ruby-2.2.1/gems/actionpack-4.2.0/lib/action_dispatch/middleware/templates/rescues/_request_and_response.html.erb (1.3ms)
  Rendered /home/yerko/.rvm/gems/ruby-2.2.1/gems/actionpack-4.2.0/lib/action_dispatch/middleware/templates/rescues/template_error.html.erb within rescues/layout (43.4ms)
  Rendered /home/yerko/.rvm/gems/ruby-2.2.1/gems/web-console-2.1.2/lib/web_console/templates/_markup.html.erb (1.2ms)
  Rendered /home/yerko/.rvm/gems/ruby-2.2.1/gems/web-console-2.1.2/lib/web_console/templates/style.css.erb within layouts/inlined_string (0.4ms)
  Rendered /home/yerko/.rvm/gems/ruby-2.2.1/gems/web-console-2.1.2/lib/web_console/templates/_inner_console_markup.html.erb within layouts/inlined_string (0.4ms)
  Rendered /home/yerko/.rvm/gems/ruby-2.2.1/gems/web-console-2.1.2/lib/web_console/templates/_prompt_box_markup.html.erb within layouts/inlined_string (0.3ms)
  Rendered /home/yerko/.rvm/gems/ruby-2.2.1/gems/web-console-2.1.2/lib/web_console/templates/console.js.erb within layouts/javascript (19.0ms)
  Rendered /home/yerko/.rvm/gems/ruby-2.2.1/gems/web-console-2.1.2/lib/web_console/templates/main.js.erb within layouts/javascript (0.5ms)
  Rendered /home/yerko/.rvm/gems/ruby-2.2.1/gems/web-console-2.1.2/lib/web_console/templates/error_page.js.erb within layouts/javascript (0.5ms)
  Rendered /home/yerko/.rvm/gems/ruby-2.2.1/gems/web-console-2.1.2/lib/web_console/templates/index.html.erb (74.6ms)


Started GET "/" for 127.0.0.1 at 2015-07-01 01:08:11 -0300
Processing by PrincipalController#principal as HTML
  Rendered principal/principal.html.erb within layouts/application (25.0ms)
Completed 500 Internal Server Error in 46ms

ActionView::Template::Error (Asset filtered out and will not be served: add `Rails.application.config.assets.precompile += %w( bootstrap/dist/fonts/glyphicons-halflings-regular.eot )` to `config/initializers/assets.rb` and restart your server
  (in /home/yerko/Escritorio/L-PINK-2015/vendor/assets/bower_components/bootstrap/dist/css/bootstrap.css.erb)):
    2: <html ng-app="principalModule">
    3: <head>
    4:   <title>Lpink</title>
    5:   <%= stylesheet_link_tag    'application', media: 'all'%>
    6:   <%= javascript_include_tag 'application' %>
    7:  <%= csrf_meta_tags %>
    8: </head>
  app/views/layouts/application.html.erb:5:in `_app_views_layouts_application_html_erb___4523000477747488775_18566260'


  Rendered /home/yerko/.rvm/gems/ruby-2.2.1/gems/actionpack-4.2.0/lib/action_dispatch/middleware/templates/rescues/_source.erb (11.9ms)
  Rendered /home/yerko/.rvm/gems/ruby-2.2.1/gems/actionpack-4.2.0/lib/action_dispatch/middleware/templates/rescues/_trace.html.erb (4.1ms)
  Rendered /home/yerko/.rvm/gems/ruby-2.2.1/gems/actionpack-4.2.0/lib/action_dispatch/middleware/templates/rescues/_request_and_response.html.erb (1.1ms)
  Rendered /home/yerko/.rvm/gems/ruby-2.2.1/gems/actionpack-4.2.0/lib/action_dispatch/middleware/templates/rescues/template_error.html.erb within rescues/layout (32.5ms)
  Rendered /home/yerko/.rvm/gems/ruby-2.2.1/gems/web-console-2.1.2/lib/web_console/templates/_markup.html.erb (0.4ms)
  Rendered /home/yerko/.rvm/gems/ruby-2.2.1/gems/web-console-2.1.2/lib/web_console/templates/style.css.erb within layouts/inlined_string (0.4ms)
  Rendered /home/yerko/.rvm/gems/ruby-2.2.1/gems/web-console-2.1.2/lib/web_console/templates/_inner_console_markup.html.erb within layouts/inlined_string (0.4ms)
  Rendered /home/yerko/.rvm/gems/ruby-2.2.1/gems/web-console-2.1.2/lib/web_console/templates/_prompt_box_markup.html.erb within layouts/inlined_string (0.3ms)
  Rendered /home/yerko/.rvm/gems/ruby-2.2.1/gems/web-console-2.1.2/lib/web_console/templates/console.js.erb within layouts/javascript (17.4ms)
  Rendered /home/yerko/.rvm/gems/ruby-2.2.1/gems/web-console-2.1.2/lib/web_console/templates/main.js.erb within layouts/javascript (0.3ms)
  Rendered /home/yerko/.rvm/gems/ruby-2.2.1/gems/web-console-2.1.2/lib/web_console/templates/error_page.js.erb within layouts/javascript (0.5ms)
  Rendered /home/yerko/.rvm/gems/ruby-2.2.1/gems/web-console-2.1.2/lib/web_console/templates/index.html.erb (34.6ms)
